<?xml version="1.0" encoding="UTF-8"?>
<testsuite name="ProcessFile.ReadJournalDataTest" tests="4" skipped="0" failures="0" errors="0" timestamp="2020-07-30T20:20:09" hostname="Yans-MacBook-Pro.local" time="0.015">
  <properties/>
  <testcase name="testToString" classname="ProcessFile.ReadJournalDataTest" time="0.007"/>
  <testcase name="readDataThrowsException" classname="ProcessFile.ReadJournalDataTest" time="0.003"/>
  <testcase name="getHeader" classname="ProcessFile.ReadJournalDataTest" time="0.002"/>
  <testcase name="readDataSuccess" classname="ProcessFile.ReadJournalDataTest" time="0.003"/>
  <system-out><![CDATA[]]></system-out>
  <system-err><![CDATA[]]></system-err>
</testsuite>
