<?xml version="1.0" encoding="UTF-8"?>
<testsuite name="cmd.CmdLineProcessorTest" tests="9" skipped="0" failures="0" errors="0" timestamp="2020-07-30T20:20:09" hostname="Yans-MacBook-Pro.local" time="0.019">
  <properties/>
  <testcase name="processArgument_twoAddEntryOptions" classname="cmd.CmdLineProcessorTest" time="0.003"/>
  <testcase name="processArgument_invalidCommand" classname="cmd.CmdLineProcessorTest" time="0.012"/>
  <testcase name="processArgument_dateParsingError" classname="cmd.CmdLineProcessorTest" time="0.0"/>
  <testcase name="processArgument_optionWithoutFollowingArgument" classname="cmd.CmdLineProcessorTest" time="0.001"/>
  <testcase name="processArgument" classname="cmd.CmdLineProcessorTest" time="0.0"/>
  <testcase name="processArgument_invalidPriority" classname="cmd.CmdLineProcessorTest" time="0.0"/>
  <testcase name="processArgument_twoShowCategoryOptions" classname="cmd.CmdLineProcessorTest" time="0.001"/>
  <testcase name="processArgument_requiredFieldNotProvided" classname="cmd.CmdLineProcessorTest" time="0.0"/>
  <testcase name="processArgument_addEntryWithoutEntryText" classname="cmd.CmdLineProcessorTest" time="0.0"/>
  <system-out><![CDATA[]]></system-out>
  <system-err><![CDATA[]]></system-err>
</testsuite>
